▲ Next.js 16.2.2 (Turbopack)
- Local:         http://localhost:3000
- Network:       http://192.168.0.2:3000
- Environments: .env
✓ Ready in 530ms

 POST /api/chat 200 in 2.2s (next.js: 1382ms, application-code: 865ms)
○ Compiling / ...
 GET / 200 in 5.6s (next.js: 5.2s, application-code: 378ms)
 POST /api/chat 200 in 743ms (next.js: 6ms, application-code: 736ms)
 GET / 200 in 112ms (next.js: 9ms, application-code: 103ms)
[browser] A tree hydrated but some attributes of the server rendered HTML didn't match the client properties. This won't be patched up. This can happen if a SSR-ed Client Component used:

- A server/client branch `if (typeof window !== 'undefined')`.
- Variable input such as `Date.now()` or `Math.random()` which changes each time it's called.
- Date formatting in a user's locale which doesn't match the server.
- External changing data without sending a snapshot of it along with the HTML.
- Invalid HTML tag nesting.

It can also happen if the client has a browser extension installed which messes with the HTML before React loaded.

https://react.dev/link/hydration-mismatch

  ...
    <ErrorBoundary errorComponent={undefined} errorStyles={undefined} errorScripts={undefined}>
      <LoadingBoundary name="/" loading={null}>
        <HTTPAccessFallbackBoundary notFound={{...}} forbidden={undefined} unauthorized={undefined}>
          <HTTPAccessFallbackErrorBoundary pathname="/" notFound={{...}} forbidden={undefined} unauthorized={undefined} ...>
            <RedirectBoundary>
              <RedirectErrorBoundary router={{...}}>
                <InnerLayoutRouter url="/" tree={[...]} params={{}} cacheNode={{rsc:{...}, ...}} segmentPath={[...]} ...>
                  <SegmentViewNode type="page" pagePath="src/page.tsx">
                    <SegmentTrieNode>
                    <ClientPageRoot Component={function Home} serverProvidedParams={{...}}>
                      <Home params={Promise} searchParams={Promise}>
                        <div className="flex flex-...">
                          <header>
                          <main>
                          <footer className="p-4 bg-neu...">
                            <form onSubmit={function useChat.useCallback2[handleSubmit]} className="max-w-3xl ...">
                              <textarea
                                className="w-full bg-neutral-800 border border-neutral-700 rounded-xl px-4 py-3 pr-12 ..."
                                rows={1}
                                value=""
                                onChange={function handleInputChange}
                                placeholder="Describe el flujo que necesitas..."
                                onKeyDown={function onKeyDown}
-                               style={{caret-color:"transparent"}}
                              >
                              ...
                  ...
                ...

 POST /api/chat 200 in 605ms (next.js: 3ms, application-code: 602ms)
